[0911/104816:ERROR:gpu_info_collector_win.cc(103)] Can't retrieve a valid WinSAT assessment.
[0911/104816:ERROR:proxy_service_factory.cc(105)] Cannot use V8 Proxy resolver in single process mode.
[0911/104816:ERROR:command_buffer_proxy_impl.cc(156)] Failed to initialize command buffer service.
[0911/104816:ERROR:webgraphicscontext3d_command_buffer_impl.cc(394)] CommandBufferProxy::Initialize failed.
[0911/104816:ERROR:webgraphicscontext3d_command_buffer_impl.cc(413)] Failed to initialize command buffer.
[0911/104816:ERROR:command_buffer_proxy_impl.cc(156)] Failed to initialize command buffer service.
[0911/104816:ERROR:webgraphicscontext3d_command_buffer_impl.cc(394)] CommandBufferProxy::Initialize failed.
[0911/104816:ERROR:webgraphicscontext3d_command_buffer_impl.cc(413)] Failed to initialize command buffer.
[0911/104816:ERROR:command_buffer_proxy_impl.cc(156)] Failed to initialize command buffer service.
[0911/104816:ERROR:webgraphicscontext3d_command_buffer_impl.cc(394)] CommandBufferProxy::Initialize failed.
[0911/104816:ERROR:webgraphicscontext3d_command_buffer_impl.cc(413)] Failed to initialize command buffer.
[0911/104816:ERROR:command_buffer_proxy_impl.cc(156)] Failed to initialize command buffer service.
[0911/104816:ERROR:webgraphicscontext3d_command_buffer_impl.cc(394)] CommandBufferProxy::Initialize failed.
[0911/104816:ERROR:webgraphicscontext3d_command_buffer_impl.cc(413)] Failed to initialize command buffer.
[0911/104817:ERROR:command_buffer_proxy_impl.cc(156)] Failed to initialize command buffer service.
[0911/104817:ERROR:webgraphicscontext3d_command_buffer_impl.cc(394)] CommandBufferProxy::Initialize failed.
[0911/104817:ERROR:webgraphicscontext3d_command_buffer_impl.cc(413)] Failed to initialize command buffer.
[0911/104817:ERROR:command_buffer_proxy_impl.cc(156)] Failed to initialize command buffer service.
[0911/104817:ERROR:webgraphicscontext3d_command_buffer_impl.cc(394)] CommandBufferProxy::Initialize failed.
[0911/104817:ERROR:webgraphicscontext3d_command_buffer_impl.cc(413)] Failed to initialize command buffer.
[0911/104817:ERROR:command_buffer_proxy_impl.cc(156)] Failed to initialize command buffer service.
[0911/104817:ERROR:webgraphicscontext3d_command_buffer_impl.cc(394)] CommandBufferProxy::Initialize failed.
[0911/104817:ERROR:webgraphicscontext3d_command_buffer_impl.cc(413)] Failed to initialize command buffer.
[0911/104817:ERROR:command_buffer_proxy_impl.cc(156)] Failed to initialize command buffer service.
[0911/104817:ERROR:webgraphicscontext3d_command_buffer_impl.cc(394)] CommandBufferProxy::Initialize failed.
[0911/104817:ERROR:webgraphicscontext3d_command_buffer_impl.cc(413)] Failed to initialize command buffer.
[0911/104825:ERROR:ipc_channel_win.cc(405)] pipe error: 232
